# JRE version: OpenJDK Runtime Environment (8.0_102-b14) (build 1.8.0_102-b14)
# Java VM: OpenJDK 64-Bit Server VM (25.102-b14 mixed mode linux-amd64 compressed oops)
Heap:
 PSYoungGen      total 68608K, used 38466K [0x00000000d7000000, 0x00000000e1800000, 0x0000000100000000)
  eden space 63488K, 60% used [0x00000000d7000000,0x00000000d9590ac8,0x00000000dae00000)
  from space 5120K, 0% used [0x00000000dae00000,0x00000000dae00000,0x00000000db300000)
  to   space 22528K, 0% used [0x00000000e0200000,0x00000000e0200000,0x00000000e1800000)
 ParOldGen       total 97280K, used 32375K [0x0000000085000000, 0x000000008af00000, 0x00000000d7000000)
  object space 97280K, 33% used [0x0000000085000000,0x0000000086f9dd30,0x000000008af00000)
 Metaspace       used 25761K, capacity 26422K, committed 26752K, reserved 1073152K
  class space    used 3419K, capacity 3589K, committed 3712K, reserved 1048576K
GC Heap History (10 events):
Event: 2.125 GC heap before
{Heap before GC invocations=2 (full 0):
 PSYoungGen      total 36864K, used 36842K [0x00000000d7000000, 0x00000000d9900000, 0x0000000100000000)
  eden space 31744K, 100% used [0x00000000d7000000,0x00000000d8f00000,0x00000000d8f00000)
  from space 5120K, 99% used [0x00000000d8f00000,0x00000000d93fa930,0x00000000d9400000)
  to   space 5120K, 0% used [0x00000000d9400000,0x00000000d9400000,0x00000000d9900000)
 ParOldGen       total 84992K, used 4963K [0x0000000085000000, 0x000000008a300000, 0x00000000d7000000)
  object space 84992K, 5% used [0x0000000085000000,0x00000000854d8db8,0x000000008a300000)
 Metaspace       used 8475K, capacity 8824K, committed 8960K, reserved 1056768K
  class space    used 1068K, capacity 1170K, committed 1280K, reserved 1048576K
Event: 2.163 GC heap after
Heap after GC invocations=2 (full 0):
 PSYoungGen      total 36864K, used 5114K [0x00000000d7000000, 0x00000000db800000, 0x0000000100000000)
  eden space 31744K, 0% used [0x00000000d7000000,0x00000000d7000000,0x00000000d8f00000)
  from space 5120K, 99% used [0x00000000d9400000,0x00000000d98fe940,0x00000000d9900000)
  to   space 5120K, 0% used [0x00000000d8f00000,0x00000000d8f00000,0x00000000d9400000)
 ParOldGen       total 84992K, used 22526K [0x0000000085000000, 0x000000008a300000, 0x00000000d7000000)
  object space 84992K, 26% used [0x0000000085000000,0x00000000865ff9d8,0x000000008a300000)
 Metaspace       used 8475K, capacity 8824K, committed 8960K, reserved 1056768K
  class space    used 1068K, capacity 1170K, committed 1280K, reserved 1048576K
}
Event: 2.937 GC heap before
{Heap before GC invocations=3 (full 0):
 PSYoungGen      total 36864K, used 36858K [0x00000000d7000000, 0x00000000db800000, 0x0000000100000000)
  eden space 31744K, 100% used [0x00000000d7000000,0x00000000d8f00000,0x00000000d8f00000)
  from space 5120K, 99% used [0x00000000d9400000,0x00000000d98fe940,0x00000000d9900000)
  to   space 5120K, 0% used [0x00000000d8f00000,0x00000000d8f00000,0x00000000d9400000)
 ParOldGen       total 84992K, used 22526K [0x0000000085000000, 0x000000008a300000, 0x00000000d7000000)
  object space 84992K, 26% used [0x0000000085000000,0x00000000865ff9d8,0x000000008a300000)
 Metaspace       used 12733K, capacity 13216K, committed 13312K, reserved 1060864K
  class space    used 1652K, capacity 1788K, committed 1792K, reserved 1048576K
Event: 2.952 GC heap after
Heap after GC invocations=3 (full 0):
 PSYoungGen      total 36864K, used 5114K [0x00000000d7000000, 0x00000000db800000, 0x0000000100000000)
  eden space 31744K, 0% used [0x00000000d7000000,0x00000000d7000000,0x00000000d8f00000)
  from space 5120K, 99% used [0x00000000d8f00000,0x00000000d93fe940,0x00000000d9400000)
  to   space 5120K, 0% used [0x00000000db300000,0x00000000db300000,0x00000000db800000)
 ParOldGen       total 84992K, used 25925K [0x0000000085000000, 0x000000008a300000, 0x00000000d7000000)
  object space 84992K, 30% used [0x0000000085000000,0x0000000086951590,0x000000008a300000)
 Metaspace       used 12733K, capacity 13216K, committed 13312K, reserved 1060864K
  class space    used 1652K, capacity 1788K, committed 1792K, reserved 1048576K
}
Event: 3.190 GC heap before
{Heap before GC invocations=4 (full 0):
 PSYoungGen      total 36864K, used 36858K [0x00000000d7000000, 0x00000000db800000, 0x0000000100000000)
  eden space 31744K, 100% used [0x00000000d7000000,0x00000000d8f00000,0x00000000d8f00000)
  from space 5120K, 99% used [0x00000000d8f00000,0x00000000d93fe940,0x00000000d9400000)
  to   space 5120K, 0% used [0x00000000db300000,0x00000000db300000,0x00000000db800000)
 ParOldGen       total 84992K, used 25925K [0x0000000085000000, 0x000000008a300000, 0x00000000d7000000)
  object space 84992K, 30% used [0x0000000085000000,0x0000000086951590,0x000000008a300000)
 Metaspace       used 15563K, capacity 16108K, committed 16256K, reserved 1062912K
  class space    used 2008K, capacity 2170K, committed 2176K, reserved 1048576K
Event: 3.201 GC heap after
Heap after GC invocations=4 (full 0):
 PSYoungGen      total 68608K, used 5114K [0x00000000d7000000, 0x00000000db800000, 0x0000000100000000)
  eden space 63488K, 0% used [0x00000000d7000000,0x00000000d7000000,0x00000000dae00000)
  from space 5120K, 99% used [0x00000000db300000,0x00000000db7fe960,0x00000000db800000)
  to   space 5120K, 0% used [0x00000000dae00000,0x00000000dae00000,0x00000000db300000)
 ParOldGen       total 84992K, used 28652K [0x0000000085000000, 0x000000008a300000, 0x00000000d7000000)
  object space 84992K, 33% used [0x0000000085000000,0x0000000086bfb338,0x000000008a300000)
 Metaspace       used 15563K, capacity 16108K, committed 16256K, reserved 1062912K
  class space    used 2008K, capacity 2170K, committed 2176K, reserved 1048576K
}
Event: 3.953 GC heap before
{Heap before GC invocations=5 (full 0):
 PSYoungGen      total 68608K, used 62889K [0x00000000d7000000, 0x00000000db800000, 0x0000000100000000)
  eden space 63488K, 91% used [0x00000000d7000000,0x00000000da86bc38,0x00000000dae00000)
  from space 5120K, 99% used [0x00000000db300000,0x00000000db7fe960,0x00000000db800000)
  to   space 5120K, 0% used [0x00000000dae00000,0x00000000dae00000,0x00000000db300000)
 ParOldGen       total 84992K, used 28652K [0x0000000085000000, 0x000000008a300000, 0x00000000d7000000)
  object space 84992K, 33% used [0x0000000085000000,0x0000000086bfb338,0x000000008a300000)
 Metaspace       used 20517K, capacity 21016K, committed 21248K, reserved 1067008K
  class space    used 2805K, capacity 2948K, committed 3072K, reserved 1048576K
Event: 3.965 GC heap after
Heap after GC invocations=5 (full 0):
 PSYoungGen      total 68608K, used 5114K [0x00000000d7000000, 0x00000000e1800000, 0x0000000100000000)
  eden space 63488K, 0% used [0x00000000d7000000,0x00000000d7000000,0x00000000dae00000)
  from space 5120K, 99% used [0x00000000dae00000,0x00000000db2fe960,0x00000000db300000)
  to   space 22528K, 0% used [0x00000000e0200000,0x00000000e0200000,0x00000000e1800000)
 ParOldGen       total 84992K, used 34354K [0x0000000085000000, 0x000000008a300000, 0x00000000d7000000)
  object space 84992K, 40% used [0x0000000085000000,0x000000008718cb70,0x000000008a300000)
 Metaspace       used 20517K, capacity 21016K, committed 21248K, reserved 1067008K
  class space    used 2805K, capacity 2948K, committed 3072K, reserved 1048576K
}
Event: 3.965 GC heap before
{Heap before GC invocations=6 (full 1):
 PSYoungGen      total 68608K, used 5114K [0x00000000d7000000, 0x00000000e1800000, 0x0000000100000000)
  eden space 63488K, 0% used [0x00000000d7000000,0x00000000d7000000,0x00000000dae00000)
  from space 5120K, 99% used [0x00000000dae00000,0x00000000db2fe960,0x00000000db300000)
  to   space 22528K, 0% used [0x00000000e0200000,0x00000000e0200000,0x00000000e1800000)
 ParOldGen       total 84992K, used 34354K [0x0000000085000000, 0x000000008a300000, 0x00000000d7000000)
  object space 84992K, 40% used [0x0000000085000000,0x000000008718cb70,0x000000008a300000)
 Metaspace       used 20517K, capacity 21016K, committed 21248K, reserved 1067008K
  class space    used 2805K, capacity 2948K, committed 3072K, reserved 1048576K
Event: 4.084 GC heap after
Heap after GC invocations=6 (full 1):
 PSYoungGen      total 68608K, used 0K [0x00000000d7000000, 0x00000000e1800000, 0x0000000100000000)
  eden space 63488K, 0% used [0x00000000d7000000,0x00000000d7000000,0x00000000dae00000)
  from space 5120K, 0% used [0x00000000dae00000,0x00000000dae00000,0x00000000db300000)
  to   space 22528K, 0% used [0x00000000e0200000,0x00000000e0200000,0x00000000e1800000)
 ParOldGen       total 97280K, used 32375K [0x0000000085000000, 0x000000008af00000, 0x00000000d7000000)
  object space 97280K, 33% used [0x0000000085000000,0x0000000086f9dd30,0x000000008af00000)
 Metaspace       used 20517K, capacity 21016K, committed 21248K, reserved 1067008K
  class space    used 2805K, capacity 2948K, committed 3072K, reserved 1048576K
}

